<?xml version="1.0" encoding="UTF-8"?>
<testsuite xmlns:xsi="http://www.w3.org/2001/XMLSchema-instance" xsi:noNamespaceSchemaLocation="https://maven.apache.org/surefire/maven-surefire-plugin/xsd/surefire-test-report-3.0.xsd" version="3.0" name="TestSuite" time="74.823" tests="8" errors="0" skipped="0" failures="3">
  <properties>
[...]
</properties>
  <testcase name="validLoginTC" classname="Tests.TC01LoginTest" time="0.995">
    <system-out><![CDATA[[INFO] 27-08-2025 18:16:03 [main] [Tests.TC01LoginTest.setup(TC01LoginTest.java:29)]  - null
[INFO] 27-08-2025 18:16:05 [main] [Tests.TC01LoginTest.setup(TC01LoginTest.java:31)]  - chrome driver is opened
[INFO] 27-08-2025 18:16:06 [main] [Tests.TC01LoginTest.setup(TC01LoginTest.java:33)]  - Page is redirected to the URL
[INFO] 27-08-2025 18:16:06 [main] [Listeners.IInvokedMethodListenerClass.afterInvocation(IInvokedMethodListenerClass.java:31)]  - Test Case setup passed
[INFO] 27-08-2025 18:16:06 [main] [Listeners.ITestResultListenerClass.onTestStart(ITestResultListenerClass.java:9)]  - Test Case validLoginTC started
[INFO] 27-08-2025 18:16:07 [main] [Listeners.IInvokedMethodListenerClass.afterInvocation(IInvokedMethodListenerClass.java:31)]  - Test Case validLoginTC passed
]]></system-out>
    <system-err><![CDATA[أغسطس ٢٧, ٢٠٢٥ ٦:١٦:٠٥ م org.openqa.selenium.devtools.CdpVersionFinder findNearestMatch
WARNING: Unable to find an exact match for CDP version ١٣٩, returning the closest version; found: ١٣٨; Please update to a Selenium version that supports CDP version ١٣٩
]]></system-err>
  </testcase>
  <testcase name="addingRandomProductsToCartTC" classname="Tests.TC02LandingTest" time="0.847">
    <system-out><![CDATA[[INFO] 27-08-2025 18:16:08 [main] [Listeners.IInvokedMethodListenerClass.afterInvocation(IInvokedMethodListenerClass.java:31)]  - Test Case quit passed
[INFO] 27-08-2025 18:16:08 [main] [Tests.TC02LandingTest.login(TC02LandingTest.java:30)]  - null
[INFO] 27-08-2025 18:16:10 [main] [Tests.TC02LandingTest.login(TC02LandingTest.java:32)]  - Edge driver is opened
[INFO] 27-08-2025 18:16:11 [main] [Tests.TC02LandingTest.login(TC02LandingTest.java:34)]  - Page is redirected to the URL
[INFO] 27-08-2025 18:16:12 [main] [Listeners.IInvokedMethodListenerClass.afterInvocation(IInvokedMethodListenerClass.java:31)]  - Test Case login passed
[INFO] 27-08-2025 18:16:12 [main] [Tests.TC02LandingTest.setup(TC02LandingTest.java:48)]  - null
[INFO] 27-08-2025 18:16:14 [main] [Tests.TC02LandingTest.setup(TC02LandingTest.java:50)]  - Edge driver is opened
[INFO] 27-08-2025 18:16:14 [main] [Tests.TC02LandingTest.setup(TC02LandingTest.java:52)]  - Page is redirected to the URL
[INFO] 27-08-2025 18:16:15 [main] [Listeners.IInvokedMethodListenerClass.afterInvocation(IInvokedMethodListenerClass.java:31)]  - Test Case setup passed
[INFO] 27-08-2025 18:16:15 [main] [Listeners.ITestResultListenerClass.onTestStart(ITestResultListenerClass.java:9)]  - Test Case addingRandomProductsToCartTC started
[INFO] 27-08-2025 18:16:15 [main] [Pages.P02_LandingPage.addRandomProducts(P02_LandingPage.java:60)]  - randomNumber 3
[INFO] 27-08-2025 18:16:16 [main] [Pages.P02_LandingPage.addRandomProducts(P02_LandingPage.java:60)]  - randomNumber 5
[INFO] 27-08-2025 18:16:16 [main] [Pages.P02_LandingPage.addRandomProducts(P02_LandingPage.java:60)]  - randomNumber 6
[INFO] 27-08-2025 18:16:16 [main] [Pages.P02_LandingPage.getNumberOfProductsOnCartIcon(P02_LandingPage.java:38)]  - number of products on cart: 3
[INFO] 27-08-2025 18:16:16 [main] [Pages.P02_LandingPage.getNumberOfSelectedProducts(P02_LandingPage.java:49)]  - selected products: 3
[INFO] 27-08-2025 18:16:16 [main] [Listeners.IInvokedMethodListenerClass.afterInvocation(IInvokedMethodListenerClass.java:31)]  - Test Case addingRandomProductsToCartTC passed
]]></system-out>
    <system-err><![CDATA[أغسطس ٢٧, ٢٠٢٥ ٦:١٦:١٠ م org.openqa.selenium.devtools.CdpVersionFinder findNearestMatch
WARNING: Unable to find an exact match for CDP version ١٣٩, returning the closest version; found: ١٣٨; Please update to a Selenium version that supports CDP version ١٣٩
أغسطس ٢٧, ٢٠٢٥ ٦:١٦:١٤ م org.openqa.selenium.devtools.CdpVersionFinder findNearestMatch
WARNING: Unable to find an exact match for CDP version ١٣٩, returning the closest version; found: ١٣٨; Please update to a Selenium version that supports CDP version ١٣٩
]]></system-err>
  </testcase>
  <testcase name="checkingNumberOfSelectedProductsTC" classname="Tests.TC02LandingTest" time="1.19">
    <system-out><![CDATA[[INFO] 27-08-2025 18:16:16 [main] [Listeners.IInvokedMethodListenerClass.afterInvocation(IInvokedMethodListenerClass.java:31)]  - Test Case quit passed
[INFO] 27-08-2025 18:16:16 [main] [Tests.TC02LandingTest.setup(TC02LandingTest.java:48)]  - null
[INFO] 27-08-2025 18:16:18 [main] [Tests.TC02LandingTest.setup(TC02LandingTest.java:50)]  - Edge driver is opened
[INFO] 27-08-2025 18:16:19 [main] [Tests.TC02LandingTest.setup(TC02LandingTest.java:52)]  - Page is redirected to the URL
[INFO] 27-08-2025 18:16:20 [main] [Listeners.IInvokedMethodListenerClass.afterInvocation(IInvokedMethodListenerClass.java:31)]  - Test Case setup passed
[INFO] 27-08-2025 18:16:20 [main] [Listeners.ITestResultListenerClass.onTestStart(ITestResultListenerClass.java:9)]  - Test Case checkingNumberOfSelectedProductsTC started
[INFO] 27-08-2025 18:16:20 [main] [Pages.P02_LandingPage.addAllProductsToCart(P02_LandingPage.java:28)]  - number of all products: 6
[INFO] 27-08-2025 18:16:21 [main] [Pages.P02_LandingPage.getNumberOfProductsOnCartIcon(P02_LandingPage.java:38)]  - number of products on cart: 6
[INFO] 27-08-2025 18:16:21 [main] [Pages.P02_LandingPage.getNumberOfSelectedProducts(P02_LandingPage.java:49)]  - selected products: 6
[INFO] 27-08-2025 18:16:21 [main] [Listeners.IInvokedMethodListenerClass.afterInvocation(IInvokedMethodListenerClass.java:31)]  - Test Case checkingNumberOfSelectedProductsTC passed
]]></system-out>
    <system-err><![CDATA[أغسطس ٢٧, ٢٠٢٥ ٦:١٦:١٨ م org.openqa.selenium.devtools.CdpVersionFinder findNearestMatch
WARNING: Unable to find an exact match for CDP version ١٣٩, returning the closest version; found: ١٣٨; Please update to a Selenium version that supports CDP version ١٣٩
]]></system-err>
  </testcase>
  <testcase name="clickOnCartIcon" classname="Tests.TC02LandingTest" time="0.267">
    <system-out><![CDATA[[INFO] 27-08-2025 18:16:21 [main] [Listeners.IInvokedMethodListenerClass.afterInvocation(IInvokedMethodListenerClass.java:31)]  - Test Case quit passed
[INFO] 27-08-2025 18:16:21 [main] [Tests.TC02LandingTest.setup(TC02LandingTest.java:48)]  - null
[INFO] 27-08-2025 18:16:23 [main] [Tests.TC02LandingTest.setup(TC02LandingTest.java:50)]  - Edge driver is opened
[INFO] 27-08-2025 18:16:24 [main] [Tests.TC02LandingTest.setup(TC02LandingTest.java:52)]  - Page is redirected to the URL
[INFO] 27-08-2025 18:16:25 [main] [Listeners.IInvokedMethodListenerClass.afterInvocation(IInvokedMethodListenerClass.java:31)]  - Test Case setup passed
[INFO] 27-08-2025 18:16:25 [main] [Listeners.ITestResultListenerClass.onTestStart(ITestResultListenerClass.java:9)]  - Test Case clickOnCartIcon started
[INFO] 27-08-2025 18:16:25 [main] [Listeners.IInvokedMethodListenerClass.afterInvocation(IInvokedMethodListenerClass.java:31)]  - Test Case clickOnCartIcon passed
]]></system-out>
    <system-err><![CDATA[أغسطس ٢٧, ٢٠٢٥ ٦:١٦:٢٣ م org.openqa.selenium.devtools.CdpVersionFinder findNearestMatch
WARNING: Unable to find an exact match for CDP version ١٣٩, returning the closest version; found: ١٣٨; Please update to a Selenium version that supports CDP version ١٣٩
]]></system-err>
  </testcase>
  <testcase name="comparingPricesTC" classname="Tests.TC03CartTest" time="2.165">
    <system-out><![CDATA[[INFO] 27-08-2025 18:16:26 [main] [Listeners.IInvokedMethodListenerClass.afterInvocation(IInvokedMethodListenerClass.java:31)]  - Test Case quit passed
[INFO] 27-08-2025 18:16:26 [main] [Listeners.IInvokedMethodListenerClass.afterInvocation(IInvokedMethodListenerClass.java:31)]  - Test Case deleteSession passed
[INFO] 27-08-2025 18:16:26 [main] [Tests.TC03CartTest.setup(TC03CartTest.java:30)]  - null
[INFO] 27-08-2025 18:16:27 [main] [Tests.TC03CartTest.setup(TC03CartTest.java:32)]  - Edge driver is opened
[INFO] 27-08-2025 18:16:28 [main] [Tests.TC03CartTest.setup(TC03CartTest.java:34)]  - Page is redirected to the URL
[INFO] 27-08-2025 18:16:28 [main] [Listeners.IInvokedMethodListenerClass.afterInvocation(IInvokedMethodListenerClass.java:31)]  - Test Case setup passed
[INFO] 27-08-2025 18:16:28 [main] [Listeners.ITestResultListenerClass.onTestStart(ITestResultListenerClass.java:9)]  - Test Case comparingPricesTC started
[INFO] 27-08-2025 18:16:29 [main] [Pages.P02_LandingPage.addRandomProducts(P02_LandingPage.java:60)]  - randomNumber 4
[INFO] 27-08-2025 18:16:29 [main] [Pages.P02_LandingPage.addRandomProducts(P02_LandingPage.java:60)]  - randomNumber 6
[INFO] 27-08-2025 18:16:30 [main] [Pages.P02_LandingPage.getTotalPriceOfSelectedProducts(P02_LandingPage.java:83)]  - Total Price 49.99
[INFO] 27-08-2025 18:16:30 [main] [Pages.P03_CartPage.getTotalPrice(P03_CartPage.java:31)]  - Total Price 49.99
[INFO] 27-08-2025 18:16:30 [main] [Listeners.IInvokedMethodListenerClass.afterInvocation(IInvokedMethodListenerClass.java:31)]  - Test Case comparingPricesTC passed
]]></system-out>
    <system-err><![CDATA[أغسطس ٢٧, ٢٠٢٥ ٦:١٦:٢٧ م org.openqa.selenium.devtools.CdpVersionFinder findNearestMatch
WARNING: Unable to find an exact match for CDP version ١٣٩, returning the closest version; found: ١٣٨; Please update to a Selenium version that supports CDP version ١٣٩
]]></system-err>
  </testcase>
  <testcase name="checkoutStepOneTC" classname="Tests.TC04CheckoutTest" time="12.201">
    <failure message="Expected condition failed: waiting for element to be clickable: By.id: checkout (tried for ٥ second(s) with ٥٠٠ milliseconds interval)&#10;Build info: version: &apos;4.34.0&apos;, revision: &apos;707dcb4246*&apos;&#10;System info: os.name: &apos;Windows 11&apos;, os.arch: &apos;amd64&apos;, os.version: &apos;10.0&apos;, java.version: &apos;24.0.1&apos;&#10;Driver info: org.openqa.selenium.chrome.ChromeDriver&#10;Capabilities {acceptInsecureCerts: false, browserName: chrome, browserVersion: 139.0.7258.139, chrome: {chromedriverVersion: 139.0.7258.154 (9e0d6b2b47f..., userDataDir: C:\Users\kingston\AppData\L...}, fedcm:accounts: true, goog:chromeOptions: {debuggerAddress: localhost:58157}, networkConnectionEnabled: false, pageLoadStrategy: normal, platformName: windows, proxy: Proxy(), se:cdp: ws://localhost:58157/devtoo..., se:cdpVersion: 139.0.7258.139, setWindowRect: true, strictFileInteractability: false, timeouts: {implicit: 0, pageLoad: 300000, script: 30000}, unhandledPromptBehavior: dismiss and notify, webauthn:extension:credBlob: true, webauthn:extension:largeBlob: true, webauthn:extension:minPinLength: true, webauthn:extension:prf: true, webauthn:virtualAuthenticators: true}&#10;Session ID: 9637c1b33d62d91aa0592f00476c7971" type="org.openqa.selenium.TimeoutException"><![CDATA[org.openqa.selenium.TimeoutException: 
Expected condition failed: waiting for element to be clickable: By.id: checkout (tried for ٥ second(s) with ٥٠٠ milliseconds interval)
Build info: version: '4.34.0', revision: '707dcb4246*'
System info: os.name: 'Windows 11', os.arch: 'amd64', os.version: '10.0', java.version: '24.0.1'
Driver info: org.openqa.selenium.chrome.ChromeDriver
Capabilities {acceptInsecureCerts: false, browserName: chrome, browserVersion: 139.0.7258.139, chrome: {chromedriverVersion: 139.0.7258.154 (9e0d6b2b47f..., userDataDir: C:\Users\kingston\AppData\L...}, fedcm:accounts: true, goog:chromeOptions: {debuggerAddress: localhost:58157}, networkConnectionEnabled: false, pageLoadStrategy: normal, platformName: windows, proxy: Proxy(), se:cdp: ws://localhost:58157/devtoo..., se:cdpVersion: 139.0.7258.139, setWindowRect: true, strictFileInteractability: false, timeouts: {implicit: 0, pageLoad: 300000, script: 30000}, unhandledPromptBehavior: dismiss and notify, webauthn:extension:credBlob: true, webauthn:extension:largeBlob: true, webauthn:extension:minPinLength: true, webauthn:extension:prf: true, webauthn:virtualAuthenticators: true}
Session ID: 9637c1b33d62d91aa0592f00476c7971
	at org.openqa.selenium.support.ui.WebDriverWait.timeoutException(WebDriverWait.java:84)
	at org.openqa.selenium.support.ui.FluentWait.until(FluentWait.java:228)
	at Utilities.Utility.clickingOnElement(Utility.java:23)
	at Pages.P03_CartPage.clickOnCheckoutButton(P03_CartPage.java:43)
	at Tests.TC04CheckoutTest.checkoutStepOneTC(TC04CheckoutTest.java:57)
	at java.base/jdk.internal.reflect.DirectMethodHandleAccessor.invoke(DirectMethodHandleAccessor.java:104)
	at java.base/java.lang.reflect.Method.invoke(Method.java:565)
	at org.testng.internal.invokers.MethodInvocationHelper.invokeMethod(MethodInvocationHelper.java:141)
	at org.testng.internal.invokers.TestInvoker.invokeMethod(TestInvoker.java:687)
	at org.testng.internal.invokers.TestInvoker.invokeTestMethod(TestInvoker.java:230)
	at org.testng.internal.invokers.MethodRunner.runInSequence(MethodRunner.java:63)
	at org.testng.internal.invokers.TestInvoker$MethodInvocationAgent.invoke(TestInvoker.java:995)
	at org.testng.internal.invokers.TestInvoker.invokeTestMethods(TestInvoker.java:203)
	at org.testng.internal.invokers.TestMethodWorker.invokeTestMethods(TestMethodWorker.java:154)
	at org.testng.internal.invokers.TestMethodWorker.run(TestMethodWorker.java:134)
	at java.base/java.util.ArrayList.forEach(ArrayList.java:1604)
	at org.testng.TestRunner.privateRun(TestRunner.java:741)
	at org.testng.TestRunner.run(TestRunner.java:616)
	at org.testng.SuiteRunner.runTest(SuiteRunner.java:421)
	at org.testng.SuiteRunner.runSequentially(SuiteRunner.java:413)
	at org.testng.SuiteRunner.privateRun(SuiteRunner.java:373)
	at org.testng.SuiteRunner.run(SuiteRunner.java:312)
	at org.testng.SuiteRunnerWorker.runSuite(SuiteRunnerWorker.java:52)
	at org.testng.SuiteRunnerWorker.run(SuiteRunnerWorker.java:95)
	at org.testng.TestNG.runSuitesSequentially(TestNG.java:1274)
	at org.testng.TestNG.runSuitesLocally(TestNG.java:1208)
	at org.testng.TestNG.runSuites(TestNG.java:1112)
	at org.testng.TestNG.run(TestNG.java:1079)
	at org.apache.maven.surefire.testng.TestNGExecutor.run(TestNGExecutor.java:155)
	at org.apache.maven.surefire.testng.TestNGDirectoryTestSuite.executeMulti(TestNGDirectoryTestSuite.java:169)
	at org.apache.maven.surefire.testng.TestNGDirectoryTestSuite.execute(TestNGDirectoryTestSuite.java:88)
	at org.apache.maven.surefire.testng.TestNGProvider.invoke(TestNGProvider.java:137)
	at org.apache.maven.surefire.booter.ForkedBooter.runSuitesInProcess(ForkedBooter.java:385)
	at org.apache.maven.surefire.booter.ForkedBooter.execute(ForkedBooter.java:162)
	at org.apache.maven.surefire.booter.ForkedBooter.run(ForkedBooter.java:507)
	at org.apache.maven.surefire.booter.ForkedBooter.main(ForkedBooter.java:495)
]]></failure>
    <system-out><![CDATA[[INFO] 27-08-2025 18:16:30 [main] [Listeners.IInvokedMethodListenerClass.afterInvocation(IInvokedMethodListenerClass.java:31)]  - Test Case quit passed
[INFO] 27-08-2025 18:16:30 [main] [Tests.TC04CheckoutTest.setup(TC04CheckoutTest.java:36)]  - null
[INFO] 27-08-2025 18:16:32 [main] [Tests.TC04CheckoutTest.setup(TC04CheckoutTest.java:38)]  - Edge driver is opened
[INFO] 27-08-2025 18:16:33 [main] [Tests.TC04CheckoutTest.setup(TC04CheckoutTest.java:40)]  - Page is redirected to the URL
[INFO] 27-08-2025 18:16:33 [main] [Listeners.IInvokedMethodListenerClass.afterInvocation(IInvokedMethodListenerClass.java:31)]  - Test Case setup passed
[INFO] 27-08-2025 18:16:33 [main] [Listeners.ITestResultListenerClass.onTestStart(ITestResultListenerClass.java:9)]  - Test Case checkoutStepOneTC started
[INFO] 27-08-2025 18:16:34 [main] [Pages.P02_LandingPage.addRandomProducts(P02_LandingPage.java:60)]  - randomNumber 1
[INFO] 27-08-2025 18:16:34 [main] [Pages.P02_LandingPage.addRandomProducts(P02_LandingPage.java:60)]  - randomNumber 4
[INFO] 27-08-2025 18:16:45 [main] [Listeners.IInvokedMethodListenerClass.afterInvocation(IInvokedMethodListenerClass.java:27)]  - Test Case checkoutStepOneTC failed
]]></system-out>
    <system-err><![CDATA[أغسطس ٢٧, ٢٠٢٥ ٦:١٦:٣٢ م org.openqa.selenium.devtools.CdpVersionFinder findNearestMatch
WARNING: Unable to find an exact match for CDP version ١٣٩, returning the closest version; found: ١٣٨; Please update to a Selenium version that supports CDP version ١٣٩
]]></system-err>
  </testcase>
  <testcase name="checkoutStepTwoTC" classname="Tests.TC05OverviewTest" time="12.68">
    <failure message="Expected condition failed: waiting for element to be clickable: By.id: checkout (tried for ٥ second(s) with ٥٠٠ milliseconds interval)&#10;Build info: version: &apos;4.34.0&apos;, revision: &apos;707dcb4246*&apos;&#10;System info: os.name: &apos;Windows 11&apos;, os.arch: &apos;amd64&apos;, os.version: &apos;10.0&apos;, java.version: &apos;24.0.1&apos;&#10;Driver info: org.openqa.selenium.chrome.ChromeDriver&#10;Capabilities {acceptInsecureCerts: false, browserName: chrome, browserVersion: 139.0.7258.139, chrome: {chromedriverVersion: 139.0.7258.154 (9e0d6b2b47f..., userDataDir: C:\Users\kingston\AppData\L...}, fedcm:accounts: true, goog:chromeOptions: {debuggerAddress: localhost:58195}, networkConnectionEnabled: false, pageLoadStrategy: normal, platformName: windows, proxy: Proxy(), se:cdp: ws://localhost:58195/devtoo..., se:cdpVersion: 139.0.7258.139, setWindowRect: true, strictFileInteractability: false, timeouts: {implicit: 0, pageLoad: 300000, script: 30000}, unhandledPromptBehavior: dismiss and notify, webauthn:extension:credBlob: true, webauthn:extension:largeBlob: true, webauthn:extension:minPinLength: true, webauthn:extension:prf: true, webauthn:virtualAuthenticators: true}&#10;Session ID: fdcac0103695f78ac3f7be9e99b7d296" type="org.openqa.selenium.TimeoutException"><![CDATA[org.openqa.selenium.TimeoutException: 
Expected condition failed: waiting for element to be clickable: By.id: checkout (tried for ٥ second(s) with ٥٠٠ milliseconds interval)
Build info: version: '4.34.0', revision: '707dcb4246*'
System info: os.name: 'Windows 11', os.arch: 'amd64', os.version: '10.0', java.version: '24.0.1'
Driver info: org.openqa.selenium.chrome.ChromeDriver
Capabilities {acceptInsecureCerts: false, browserName: chrome, browserVersion: 139.0.7258.139, chrome: {chromedriverVersion: 139.0.7258.154 (9e0d6b2b47f..., userDataDir: C:\Users\kingston\AppData\L...}, fedcm:accounts: true, goog:chromeOptions: {debuggerAddress: localhost:58195}, networkConnectionEnabled: false, pageLoadStrategy: normal, platformName: windows, proxy: Proxy(), se:cdp: ws://localhost:58195/devtoo..., se:cdpVersion: 139.0.7258.139, setWindowRect: true, strictFileInteractability: false, timeouts: {implicit: 0, pageLoad: 300000, script: 30000}, unhandledPromptBehavior: dismiss and notify, webauthn:extension:credBlob: true, webauthn:extension:largeBlob: true, webauthn:extension:minPinLength: true, webauthn:extension:prf: true, webauthn:virtualAuthenticators: true}
Session ID: fdcac0103695f78ac3f7be9e99b7d296
	at org.openqa.selenium.support.ui.WebDriverWait.timeoutException(WebDriverWait.java:84)
	at org.openqa.selenium.support.ui.FluentWait.until(FluentWait.java:228)
	at Utilities.Utility.clickingOnElement(Utility.java:23)
	at Pages.P03_CartPage.clickOnCheckoutButton(P03_CartPage.java:43)
	at Tests.TC05OverviewTest.checkoutStepTwoTC(TC05OverviewTest.java:53)
	at java.base/jdk.internal.reflect.DirectMethodHandleAccessor.invoke(DirectMethodHandleAccessor.java:104)
	at java.base/java.lang.reflect.Method.invoke(Method.java:565)
	at org.testng.internal.invokers.MethodInvocationHelper.invokeMethod(MethodInvocationHelper.java:141)
	at org.testng.internal.invokers.TestInvoker.invokeMethod(TestInvoker.java:687)
	at org.testng.internal.invokers.TestInvoker.invokeTestMethod(TestInvoker.java:230)
	at org.testng.internal.invokers.MethodRunner.runInSequence(MethodRunner.java:63)
	at org.testng.internal.invokers.TestInvoker$MethodInvocationAgent.invoke(TestInvoker.java:995)
	at org.testng.internal.invokers.TestInvoker.invokeTestMethods(TestInvoker.java:203)
	at org.testng.internal.invokers.TestMethodWorker.invokeTestMethods(TestMethodWorker.java:154)
	at org.testng.internal.invokers.TestMethodWorker.run(TestMethodWorker.java:134)
	at java.base/java.util.ArrayList.forEach(ArrayList.java:1604)
	at org.testng.TestRunner.privateRun(TestRunner.java:741)
	at org.testng.TestRunner.run(TestRunner.java:616)
	at org.testng.SuiteRunner.runTest(SuiteRunner.java:421)
	at org.testng.SuiteRunner.runSequentially(SuiteRunner.java:413)
	at org.testng.SuiteRunner.privateRun(SuiteRunner.java:373)
	at org.testng.SuiteRunner.run(SuiteRunner.java:312)
	at org.testng.SuiteRunnerWorker.runSuite(SuiteRunnerWorker.java:52)
	at org.testng.SuiteRunnerWorker.run(SuiteRunnerWorker.java:95)
	at org.testng.TestNG.runSuitesSequentially(TestNG.java:1274)
	at org.testng.TestNG.runSuitesLocally(TestNG.java:1208)
	at org.testng.TestNG.runSuites(TestNG.java:1112)
	at org.testng.TestNG.run(TestNG.java:1079)
	at org.apache.maven.surefire.testng.TestNGExecutor.run(TestNGExecutor.java:155)
	at org.apache.maven.surefire.testng.TestNGDirectoryTestSuite.executeMulti(TestNGDirectoryTestSuite.java:169)
	at org.apache.maven.surefire.testng.TestNGDirectoryTestSuite.execute(TestNGDirectoryTestSuite.java:88)
	at org.apache.maven.surefire.testng.TestNGProvider.invoke(TestNGProvider.java:137)
	at org.apache.maven.surefire.booter.ForkedBooter.runSuitesInProcess(ForkedBooter.java:385)
	at org.apache.maven.surefire.booter.ForkedBooter.execute(ForkedBooter.java:162)
	at org.apache.maven.surefire.booter.ForkedBooter.run(ForkedBooter.java:507)
	at org.apache.maven.surefire.booter.ForkedBooter.main(ForkedBooter.java:495)
]]></failure>
    <system-out><![CDATA[[INFO] 27-08-2025 18:16:45 [main] [Listeners.IInvokedMethodListenerClass.afterInvocation(IInvokedMethodListenerClass.java:31)]  - Test Case quit passed
[INFO] 27-08-2025 18:16:45 [main] [Tests.TC05OverviewTest.setup(TC05OverviewTest.java:33)]  - null
[INFO] 27-08-2025 18:16:47 [main] [Tests.TC05OverviewTest.setup(TC05OverviewTest.java:35)]  - Edge driver is opened
[INFO] 27-08-2025 18:16:47 [main] [Tests.TC05OverviewTest.setup(TC05OverviewTest.java:37)]  - Page is redirected to the URL
[INFO] 27-08-2025 18:16:47 [main] [Listeners.IInvokedMethodListenerClass.afterInvocation(IInvokedMethodListenerClass.java:31)]  - Test Case setup passed
[INFO] 27-08-2025 18:16:47 [main] [Listeners.ITestResultListenerClass.onTestStart(ITestResultListenerClass.java:9)]  - Test Case checkoutStepTwoTC started
[INFO] 27-08-2025 18:16:49 [main] [Pages.P02_LandingPage.addAllProductsToCart(P02_LandingPage.java:28)]  - number of all products: 6
[INFO] 27-08-2025 18:17:00 [main] [Listeners.IInvokedMethodListenerClass.afterInvocation(IInvokedMethodListenerClass.java:27)]  - Test Case checkoutStepTwoTC failed
]]></system-out>
    <system-err><![CDATA[أغسطس ٢٧, ٢٠٢٥ ٦:١٦:٤٧ م org.openqa.selenium.devtools.CdpVersionFinder findNearestMatch
WARNING: Unable to find an exact match for CDP version ١٣٩, returning the closest version; found: ١٣٨; Please update to a Selenium version that supports CDP version ١٣٩
]]></system-err>
  </testcase>
  <testcase name="finishOrderTC" classname="Tests.TC06FinishingOrderTest" time="11.767">
    <failure message="Expected condition failed: waiting for element to be clickable: By.id: checkout (tried for ٥ second(s) with ٥٠٠ milliseconds interval)&#10;Build info: version: &apos;4.34.0&apos;, revision: &apos;707dcb4246*&apos;&#10;System info: os.name: &apos;Windows 11&apos;, os.arch: &apos;amd64&apos;, os.version: &apos;10.0&apos;, java.version: &apos;24.0.1&apos;&#10;Driver info: org.openqa.selenium.chrome.ChromeDriver&#10;Capabilities {acceptInsecureCerts: false, browserName: chrome, browserVersion: 139.0.7258.139, chrome: {chromedriverVersion: 139.0.7258.154 (9e0d6b2b47f..., userDataDir: C:\Users\kingston\AppData\L...}, fedcm:accounts: true, goog:chromeOptions: {debuggerAddress: localhost:58229}, networkConnectionEnabled: false, pageLoadStrategy: normal, platformName: windows, proxy: Proxy(), se:cdp: ws://localhost:58229/devtoo..., se:cdpVersion: 139.0.7258.139, setWindowRect: true, strictFileInteractability: false, timeouts: {implicit: 0, pageLoad: 300000, script: 30000}, unhandledPromptBehavior: dismiss and notify, webauthn:extension:credBlob: true, webauthn:extension:largeBlob: true, webauthn:extension:minPinLength: true, webauthn:extension:prf: true, webauthn:virtualAuthenticators: true}&#10;Session ID: 3fd36c8f64b656f10d01f1c9b1f396df" type="org.openqa.selenium.TimeoutException"><![CDATA[org.openqa.selenium.TimeoutException: 
Expected condition failed: waiting for element to be clickable: By.id: checkout (tried for ٥ second(s) with ٥٠٠ milliseconds interval)
Build info: version: '4.34.0', revision: '707dcb4246*'
System info: os.name: 'Windows 11', os.arch: 'amd64', os.version: '10.0', java.version: '24.0.1'
Driver info: org.openqa.selenium.chrome.ChromeDriver
Capabilities {acceptInsecureCerts: false, browserName: chrome, browserVersion: 139.0.7258.139, chrome: {chromedriverVersion: 139.0.7258.154 (9e0d6b2b47f..., userDataDir: C:\Users\kingston\AppData\L...}, fedcm:accounts: true, goog:chromeOptions: {debuggerAddress: localhost:58229}, networkConnectionEnabled: false, pageLoadStrategy: normal, platformName: windows, proxy: Proxy(), se:cdp: ws://localhost:58229/devtoo..., se:cdpVersion: 139.0.7258.139, setWindowRect: true, strictFileInteractability: false, timeouts: {implicit: 0, pageLoad: 300000, script: 30000}, unhandledPromptBehavior: dismiss and notify, webauthn:extension:credBlob: true, webauthn:extension:largeBlob: true, webauthn:extension:minPinLength: true, webauthn:extension:prf: true, webauthn:virtualAuthenticators: true}
Session ID: 3fd36c8f64b656f10d01f1c9b1f396df
	at org.openqa.selenium.support.ui.WebDriverWait.timeoutException(WebDriverWait.java:84)
	at org.openqa.selenium.support.ui.FluentWait.until(FluentWait.java:228)
	at Utilities.Utility.clickingOnElement(Utility.java:23)
	at Pages.P03_CartPage.clickOnCheckoutButton(P03_CartPage.java:43)
	at Tests.TC06FinishingOrderTest.finishOrderTC(TC06FinishingOrderTest.java:53)
	at java.base/jdk.internal.reflect.DirectMethodHandleAccessor.invoke(DirectMethodHandleAccessor.java:104)
	at java.base/java.lang.reflect.Method.invoke(Method.java:565)
	at org.testng.internal.invokers.MethodInvocationHelper.invokeMethod(MethodInvocationHelper.java:141)
	at org.testng.internal.invokers.TestInvoker.invokeMethod(TestInvoker.java:687)
	at org.testng.internal.invokers.TestInvoker.invokeTestMethod(TestInvoker.java:230)
	at org.testng.internal.invokers.MethodRunner.runInSequence(MethodRunner.java:63)
	at org.testng.internal.invokers.TestInvoker$MethodInvocationAgent.invoke(TestInvoker.java:995)
	at org.testng.internal.invokers.TestInvoker.invokeTestMethods(TestInvoker.java:203)
	at org.testng.internal.invokers.TestMethodWorker.invokeTestMethods(TestMethodWorker.java:154)
	at org.testng.internal.invokers.TestMethodWorker.run(TestMethodWorker.java:134)
	at java.base/java.util.ArrayList.forEach(ArrayList.java:1604)
	at org.testng.TestRunner.privateRun(TestRunner.java:741)
	at org.testng.TestRunner.run(TestRunner.java:616)
	at org.testng.SuiteRunner.runTest(SuiteRunner.java:421)
	at org.testng.SuiteRunner.runSequentially(SuiteRunner.java:413)
	at org.testng.SuiteRunner.privateRun(SuiteRunner.java:373)
	at org.testng.SuiteRunner.run(SuiteRunner.java:312)
	at org.testng.SuiteRunnerWorker.runSuite(SuiteRunnerWorker.java:52)
	at org.testng.SuiteRunnerWorker.run(SuiteRunnerWorker.java:95)
	at org.testng.TestNG.runSuitesSequentially(TestNG.java:1274)
	at org.testng.TestNG.runSuitesLocally(TestNG.java:1208)
	at org.testng.TestNG.runSuites(TestNG.java:1112)
	at org.testng.TestNG.run(TestNG.java:1079)
	at org.apache.maven.surefire.testng.TestNGExecutor.run(TestNGExecutor.java:155)
	at org.apache.maven.surefire.testng.TestNGDirectoryTestSuite.executeMulti(TestNGDirectoryTestSuite.java:169)
	at org.apache.maven.surefire.testng.TestNGDirectoryTestSuite.execute(TestNGDirectoryTestSuite.java:88)
	at org.apache.maven.surefire.testng.TestNGProvider.invoke(TestNGProvider.java:137)
	at org.apache.maven.surefire.booter.ForkedBooter.runSuitesInProcess(ForkedBooter.java:385)
	at org.apache.maven.surefire.booter.ForkedBooter.execute(ForkedBooter.java:162)
	at org.apache.maven.surefire.booter.ForkedBooter.run(ForkedBooter.java:507)
	at org.apache.maven.surefire.booter.ForkedBooter.main(ForkedBooter.java:495)
]]></failure>
    <system-out><![CDATA[[INFO] 27-08-2025 18:17:00 [main] [Listeners.IInvokedMethodListenerClass.afterInvocation(IInvokedMethodListenerClass.java:31)]  - Test Case quit passed
[INFO] 27-08-2025 18:17:00 [main] [Tests.TC06FinishingOrderTest.setup(TC06FinishingOrderTest.java:33)]  - null
[INFO] 27-08-2025 18:17:02 [main] [Tests.TC06FinishingOrderTest.setup(TC06FinishingOrderTest.java:35)]  - Edge driver is opened
[INFO] 27-08-2025 18:17:03 [main] [Tests.TC06FinishingOrderTest.setup(TC06FinishingOrderTest.java:37)]  - Page is redirected to the URL
[INFO] 27-08-2025 18:17:03 [main] [Listeners.IInvokedMethodListenerClass.afterInvocation(IInvokedMethodListenerClass.java:31)]  - Test Case setup passed
[INFO] 27-08-2025 18:17:03 [main] [Listeners.ITestResultListenerClass.onTestStart(ITestResultListenerClass.java:9)]  - Test Case finishOrderTC started
[INFO] 27-08-2025 18:17:04 [main] [Pages.P02_LandingPage.addAllProductsToCart(P02_LandingPage.java:28)]  - number of all products: 6
[INFO] 27-08-2025 18:17:15 [main] [Listeners.IInvokedMethodListenerClass.afterInvocation(IInvokedMethodListenerClass.java:27)]  - Test Case finishOrderTC failed
]]></system-out>
    <system-err><![CDATA[أغسطس ٢٧, ٢٠٢٥ ٦:١٧:٠٢ م org.openqa.selenium.devtools.CdpVersionFinder findNearestMatch
WARNING: Unable to find an exact match for CDP version ١٣٩, returning the closest version; found: ١٣٨; Please update to a Selenium version that supports CDP version ١٣٩
]]></system-err>
  </testcase>
</testsuite>